<?xml version="1.0" encoding="UTF-8"?>
<testsuite xmlns:xsi="http://www.w3.org/2001/XMLSchema-instance" xsi:noNamespaceSchemaLocation="https://maven.apache.org/surefire/maven-surefire-plugin/xsd/surefire-test-report.xsd" name="db.processes.DbProcessTest" time="0.92" tests="2" errors="0" skipped="0" failures="0">
  <properties>
    <property name="sun.desktop" value="windows"/>
    <property name="awt.toolkit" value="sun.awt.windows.WToolkit"/>
    <property name="file.encoding.pkg" value="sun.io"/>
    <property name="java.specification.version" value="1.8"/>
    <property name="sun.cpu.isalist" value="pentium_pro+mmx pentium_pro pentium+mmx pentium i486 i386 i86"/>
    <property name="sun.jnu.encoding" value="Cp1252"/>
    <property name="java.class.path" value="C:\Users\thaabit-jacobs\Desktop\projects\greet-in-java\target\test-classes;C:\Users\thaabit-jacobs\Desktop\projects\greet-in-java\target\classes;C:\Users\thaabit-jacobs\.m2\repository\org\junit\jupiter\junit-jupiter-api\5.4.0\junit-jupiter-api-5.4.0.jar;C:\Users\thaabit-jacobs\.m2\repository\org\apiguardian\apiguardian-api\1.0.0\apiguardian-api-1.0.0.jar;C:\Users\thaabit-jacobs\.m2\repository\org\opentest4j\opentest4j\1.1.1\opentest4j-1.1.1.jar;C:\Users\thaabit-jacobs\.m2\repository\org\junit\platform\junit-platform-commons\1.4.0\junit-platform-commons-1.4.0.jar;C:\Users\thaabit-jacobs\.m2\repository\org\junit\jupiter\junit-jupiter-engine\5.4.0\junit-jupiter-engine-5.4.0.jar;C:\Users\thaabit-jacobs\.m2\repository\org\junit\platform\junit-platform-engine\1.4.0\junit-platform-engine-1.4.0.jar;C:\Users\thaabit-jacobs\.m2\repository\com\h2database\h2\1.4.199\h2-1.4.199.jar;"/>
    <property name="java.vm.vendor" value="Oracle Corporation"/>
    <property name="sun.arch.data.model" value="32"/>
    <property name="user.variant" value=""/>
    <property name="java.vendor.url" value="http://java.oracle.com/"/>
    <property name="user.timezone" value="Africa/Harare"/>
    <property name="java.vm.specification.version" value="1.8"/>
    <property name="os.name" value="Windows 7"/>
    <property name="user.country" value="US"/>
    <property name="sun.java.launcher" value="SUN_STANDARD"/>
    <property name="sun.boot.library.path" value="C:\Program Files\Java\insta\bin"/>
    <property name="sun.java.command" value="C:\Users\THAABI~1\AppData\Local\Temp\surefire8194389954288169411\surefirebooter8036802814162038461.jar C:\Users\thaabit-jacobs\AppData\Local\Temp\surefire8194389954288169411 2020-06-04T10-58-53_909-jvmRun1 surefire4572024224952837680tmp surefire_04121722151726012850tmp"/>
    <property name="surefire.test.class.path" value="C:\Users\thaabit-jacobs\Desktop\projects\greet-in-java\target\test-classes;C:\Users\thaabit-jacobs\Desktop\projects\greet-in-java\target\classes;C:\Users\thaabit-jacobs\.m2\repository\org\junit\jupiter\junit-jupiter-api\5.4.0\junit-jupiter-api-5.4.0.jar;C:\Users\thaabit-jacobs\.m2\repository\org\apiguardian\apiguardian-api\1.0.0\apiguardian-api-1.0.0.jar;C:\Users\thaabit-jacobs\.m2\repository\org\opentest4j\opentest4j\1.1.1\opentest4j-1.1.1.jar;C:\Users\thaabit-jacobs\.m2\repository\org\junit\platform\junit-platform-commons\1.4.0\junit-platform-commons-1.4.0.jar;C:\Users\thaabit-jacobs\.m2\repository\org\junit\jupiter\junit-jupiter-engine\5.4.0\junit-jupiter-engine-5.4.0.jar;C:\Users\thaabit-jacobs\.m2\repository\org\junit\platform\junit-platform-engine\1.4.0\junit-platform-engine-1.4.0.jar;C:\Users\thaabit-jacobs\.m2\repository\com\h2database\h2\1.4.199\h2-1.4.199.jar;"/>
    <property name="sun.cpu.endian" value="little"/>
    <property name="user.home" value="C:\Users\thaabit-jacobs"/>
    <property name="user.language" value="en"/>
    <property name="java.specification.vendor" value="Oracle Corporation"/>
    <property name="java.home" value="C:\Program Files\Java\insta"/>
    <property name="basedir" value="C:\Users\thaabit-jacobs\Desktop\projects\greet-in-java"/>
    <property name="file.separator" value="\"/>
    <property name="line.separator" value="&#10;"/>
    <property name="java.vm.specification.vendor" value="Oracle Corporation"/>
    <property name="java.specification.name" value="Java Platform API Specification"/>
    <property name="java.awt.graphicsenv" value="sun.awt.Win32GraphicsEnvironment"/>
    <property name="surefire.real.class.path" value="C:\Users\THAABI~1\AppData\Local\Temp\surefire8194389954288169411\surefirebooter8036802814162038461.jar"/>
    <property name="sun.boot.class.path" value="C:\Program Files\Java\insta\lib\resources.jar;C:\Program Files\Java\insta\lib\rt.jar;C:\Program Files\Java\insta\lib\sunrsasign.jar;C:\Program Files\Java\insta\lib\jsse.jar;C:\Program Files\Java\insta\lib\jce.jar;C:\Program Files\Java\insta\lib\charsets.jar;C:\Program Files\Java\insta\lib\jfr.jar;C:\Program Files\Java\insta\classes"/>
    <property name="user.script" value=""/>
    <property name="sun.management.compiler" value="HotSpot Client Compiler"/>
    <property name="java.runtime.version" value="1.8.0_241-b07"/>
    <property name="user.name" value="thaabit-jacobs"/>
    <property name="path.separator" value=";"/>
    <property name="os.version" value="6.1"/>
    <property name="java.endorsed.dirs" value="C:\Program Files\Java\insta\lib\endorsed"/>
    <property name="java.runtime.name" value="Java(TM) SE Runtime Environment"/>
    <property name="file.encoding" value="Cp1252"/>
    <property name="java.vm.name" value="Java HotSpot(TM) Client VM"/>
    <property name="localRepository" value="C:\Users\thaabit-jacobs\.m2\repository"/>
    <property name="java.vendor.url.bug" value="http://bugreport.sun.com/bugreport/"/>
    <property name="java.io.tmpdir" value="C:\Users\THAABI~1\AppData\Local\Temp\"/>
    <property name="java.version" value="1.8.0_241"/>
    <property name="user.dir" value="C:\Users\thaabit-jacobs\Desktop\projects\greet-in-java"/>
    <property name="os.arch" value="x86"/>
    <property name="java.vm.specification.name" value="Java Virtual Machine Specification"/>
    <property name="java.awt.printerjob" value="sun.awt.windows.WPrinterJob"/>
    <property name="sun.os.patch.level" value="Service Pack 1"/>
    <property name="java.library.path" value="C:\Program Files\Java\insta\bin;C:\Windows\Sun\Java\bin;C:\Windows\system32;C:\Windows;C:\Program Files\Common Files\Oracle\Java\javapath;C:\Windows\system32;C:\Windows;C:\Windows\System32\Wbem;C:\Windows\System32\WindowsPowerShell\v1.0\;C:\Program Files\Git\cmd;C:\Program Files\GtkSharp\2.12\bin;C:\Program Files\Java\jdk1.8.0_241\bin;C:\Users\thaabit-jacobs\Documents\java\apache-maven-3.6.3\bin;."/>
    <property name="java.vm.info" value="mixed mode"/>
    <property name="java.vendor" value="Oracle Corporation"/>
    <property name="java.vm.version" value="25.241-b07"/>
    <property name="java.ext.dirs" value="C:\Program Files\Java\insta\lib\ext;C:\Windows\Sun\Java\lib\ext"/>
    <property name="sun.io.unicode.encoding" value="UnicodeLittle"/>
    <property name="java.class.version" value="52.0"/>
  </properties>
  <testcase name="shouldMoveDataFromArrayListToDatabase" classname="db.processes.DbProcessTest" time="0.546"/>
  <testcase name="shouldMoveDataFromDbToArrayList" classname="db.processes.DbProcessTest" time="0.374"/>
</testsuite>